生成启动时间为 2018/7/2 16:02:46。
     1>项目“C:\Users\Administrator\Desktop\tmp\vs\Learn\texture\texture\texture.vcxproj”在节点 2 上(Build 个目标)。
     1>ClCompile:
         D:\Program Files (x86)\Microsoft Visual Studio 12.0\VC\bin\CL.exe /c /ZI /nologo /W3 /WX- /Od /Oy- /D WIN32 /D _DEBUG /D _CONSOLE /D _LIB /D _UNICODE /D UNICODE /Gm /EHsc /RTC1 /MDd /GS /fp:precise /Zc:wchar_t /Zc:forScope /Fo"Debug\\" /Fd"Debug\vc120.pdb" /Gd /TC /analyze- /errorReport:prompt glad.c
         glad.c
         D:\Program Files (x86)\Microsoft Visual Studio 12.0\VC\bin\CL.exe /c /ZI /nologo /W3 /WX- /Od /Oy- /D WIN32 /D _DEBUG /D _CONSOLE /D _LIB /D _UNICODE /D UNICODE /Gm /EHsc /RTC1 /MDd /GS /fp:precise /Zc:wchar_t /Zc:forScope /Fo"Debug\\" /Fd"Debug\vc120.pdb" /Gd /TP /analyze- /errorReport:prompt ShaderCompiler.cpp main.cpp stb_image.cpp window.cpp
         window.cpp
         stb_image.cpp
         main.cpp
         ShaderCompiler.cpp
     1>c:\users\administrator\desktop\tmp\vs\learn\texture\texture\shadercompiler.cpp(5): warning C4305: “初始化”: 从“double”到“float”截断
         正在生成代码...
       Link:
         D:\Program Files (x86)\Microsoft Visual Studio 12.0\VC\bin\link.exe /ERRORREPORT:PROMPT /OUT:"C:\Users\Administrator\Desktop\tmp\vs\Learn\texture\Debug\texture.exe" /INCREMENTAL /NOLOGO opengl32.lib glfw3.lib kernel32.lib user32.lib gdi32.lib winspool.lib comdlg32.lib advapi32.lib shell32.lib ole32.lib oleaut32.lib uuid.lib odbc32.lib odbccp32.lib /MANIFEST /MANIFESTUAC:"level='asInvoker' uiAccess='false'" /manifest:embed /DEBUG /PDB:"C:\Users\Administrator\Desktop\tmp\vs\Learn\texture\Debug\texture.pdb" /SUBSYSTEM:CONSOLE /TLBID:1 /DYNAMICBASE /NXCOMPAT /IMPLIB:"C:\Users\Administrator\Desktop\tmp\vs\Learn\texture\Debug\texture.lib" /MACHINE:X86 Debug\glad.obj
         Debug\main.obj
         Debug\ShaderCompiler.obj
         Debug\stb_image.obj
         Debug\window.obj
         LINK : 没有找到 C:\Users\Administrator\Desktop\tmp\vs\Learn\texture\Debug\texture.exe 或上一个增量链接没有生成它；正在执行完全链接
     1>LINK : warning LNK4098: 默认库“MSVCRT”与其他库的使用冲突；请使用 /NODEFAULTLIB:library
         texture.vcxproj -> C:\Users\Administrator\Desktop\tmp\vs\Learn\texture\Debug\texture.exe
     1>已完成生成项目“C:\Users\Administrator\Desktop\tmp\vs\Learn\texture\texture\texture.vcxproj”(Build 个目标)的操作。

生成成功。

已用时间 00:00:14.48
