生成启动时间为 2018/4/13 15:10:59。
     1>项目“C:\Users\Administrator\Desktop\tmp\vs\shader\shader\shader.vcxproj”在节点 2 上(Build 个目标)。
     1>ClCompile:
         D:\Program Files (x86)\Microsoft Visual Studio 12.0\VC\bin\CL.exe /c /ZI /nologo /W3 /WX- /Od /Oy- /D WIN32 /D _DEBUG /D _CONSOLE /D _LIB /D _UNICODE /D UNICODE /Gm /EHsc /RTC1 /MDd /GS /fp:precise /Zc:wchar_t /Zc:forScope /Fo"Debug\\" /Fd"Debug\vc120.pdb" /Gd /TC /analyze- /errorReport:prompt glad.c
         glad.c
         D:\Program Files (x86)\Microsoft Visual Studio 12.0\VC\bin\CL.exe /c /ZI /nologo /W3 /WX- /Od /Oy- /D WIN32 /D _DEBUG /D _CONSOLE /D _LIB /D _UNICODE /D UNICODE /Gm /EHsc /RTC1 /MDd /GS /fp:precise /Zc:wchar_t /Zc:forScope /Fo"Debug\\" /Fd"Debug\vc120.pdb" /Gd /TP /analyze- /errorReport:prompt ShaderManager.cpp main.cpp shader.cpp
         shader.cpp
         main.cpp
         ShaderManager.cpp
     1>c:\users\administrator\desktop\tmp\vs\shader\shader\shadermanager.cpp(75): warning C4244: “参数”: 从“float”转换到“GLint”，可能丢失数据
         正在生成代码...
       Link:
         D:\Program Files (x86)\Microsoft Visual Studio 12.0\VC\bin\link.exe /ERRORREPORT:PROMPT /OUT:"C:\Users\Administrator\Desktop\tmp\vs\shader\Debug\shader.exe" /INCREMENTAL /NOLOGO glfw3.lib opengl32.lib kernel32.lib user32.lib gdi32.lib winspool.lib comdlg32.lib advapi32.lib shell32.lib ole32.lib oleaut32.lib uuid.lib odbc32.lib odbccp32.lib /MANIFEST /MANIFESTUAC:"level='asInvoker' uiAccess='false'" /manifest:embed /DEBUG /PDB:"C:\Users\Administrator\Desktop\tmp\vs\shader\Debug\shader.pdb" /SUBSYSTEM:CONSOLE /TLBID:1 /DYNAMICBASE /NXCOMPAT /IMPLIB:"C:\Users\Administrator\Desktop\tmp\vs\shader\Debug\shader.lib" /MACHINE:X86 Debug\glad.obj
         Debug\main.obj
         Debug\shader.obj
         Debug\DrawPic.obj
         Debug\ShaderManager.obj
     1>LINK : warning LNK4098: 默认库“MSVCRT”与其他库的使用冲突；请使用 /NODEFAULTLIB:library
         shader.vcxproj -> C:\Users\Administrator\Desktop\tmp\vs\shader\Debug\shader.exe
     1>已完成生成项目“C:\Users\Administrator\Desktop\tmp\vs\shader\shader\shader.vcxproj”(Build 个目标)的操作。

生成成功。

已用时间 00:00:05.58
